2024-05-28T03:57:32.576Z [info]: You are now connected with MongoDB.
2024-05-28T03:58:38.255Z [info]: You are now connected with MongoDB.
2024-05-28T04:00:47.639Z [info]: You are now connected with MongoDB.
2024-05-28T04:02:07.650Z [info]: You are now connected with MongoDB.
2024-05-28 07:02:39 [info]: You are now connected with MongoDB.
2024-05-28 07:03:12 [info]: You are now connected with MongoDB.
2024-05-28 07:05:21 [info]: You are now connected with MongoDB.
2024-05-28 07:05:21 [info]: Express.js server started on port 8080.
2024-05-28 07:06:23 [info]: You are now connected with MongoDB.
2024-05-28 07:06:23 [info]: Express.js server started on port 8080.
2024-05-28 07:07:05 [error]: An error occurred while connecting with MongoDB.
2024-05-28 07:07:05 [error]: Could not connect to any servers in your MongoDB Atlas cluster. One common reason is that you're trying to access the database from an IP that isn't whitelisted. Make sure your current IP address is on your Atlas cluster's IP whitelist: https://www.mongodb.com/docs/atlas/security-whitelist/
2024-05-28 07:07:44 [info]: You are now connected with MongoDB.
2024-05-28 07:07:44 [info]: Express.js server started on port 8080.
2024-05-28 07:10:37 [info]: You are now connected with MongoDB.
2024-05-28 07:10:37 [info]: Express.js server started on port 8080.
2024-05-28 07:11:01 [info]: You are now connected with MongoDB.
2024-05-28 07:11:01 [info]: Express.js server started on port 8080.
2024-05-28 07:11:28 [info]: You are now connected with MongoDB.
2024-05-28 07:11:28 [info]: Express.js server started on port 8080.
2024-05-28 07:11:41 [info]: Login attempt with username: anghel
2024-05-28 07:11:41 [info]: User anghel authenticated successfully.
2024-05-28 07:12:36 [info]: You are now connected with MongoDB.
2024-05-28 07:12:36 [info]: Express.js server started on port 8080.
2024-05-28 07:13:19 [info]: You are now connected with MongoDB.
2024-05-28 07:13:19 [info]: Express.js server started on port 8080.
2024-05-28 07:15:28 [info]: You are now connected with MongoDB.
2024-05-28 07:15:28 [info]: Express.js server started on port 8080.
2024-05-28 07:15:55 [info]: Username and email address available during registration check.
2024-05-28 07:16:07 [info]: New user registered: anghel2
2024-05-28 07:16:43 [info]: Login attempt with username: sadas.
2024-05-28 07:16:43 [warn]: Login attempt with non-existing username: sadas
2024-05-28 07:17:52 [info]: You are now connected with MongoDB.
2024-05-28 07:17:52 [info]: Express.js server started on port 8080.
2024-05-28 07:18:57 [warn]: Password reset request for non-existing email: anghel@anghel.com
2024-05-28 07:21:42 [info]: You are now connected with MongoDB.
2024-05-28 07:21:42 [info]: Express.js server started on port 8080.
2024-05-28 07:22:02 [info]: You are now connected with MongoDB.
2024-05-28 07:22:02 [info]: Express.js server started on port 8080.
2024-05-28 07:22:26 [info]: You are now connected with MongoDB.
2024-05-28 07:22:26 [info]: Express.js server started on port 8080.
2024-05-28 07:22:34 [warn]: Authentication token is missing in validateSession request.
2024-05-28 07:22:36 [warn]: Authentication token is missing in validateSession request.
2024-05-28 07:22:38 [warn]: Authentication token is missing in validateSession request.
2024-05-28 07:22:39 [warn]: Authentication token is missing in validateSession request.
2024-05-28 07:22:43 [warn]: Authentication token is missing in validateSession request.
2024-05-28 07:25:00 [info]: You are now connected with MongoDB.
2024-05-28 07:25:00 [info]: Express.js server started on port 8080.
2024-05-28 07:25:10 [info]: Login attempt with username: anghel.
2024-05-28 07:25:10 [info]: User anghel authenticated successfully.
2024-05-28 07:25:10 [info]: Shifts retrieved successfully for user ID: 6637bc391e9c9a3e5bf9c7e5
2024-05-28 07:27:45 [info]: You are now connected with MongoDB.
2024-05-28 07:27:45 [info]: Express.js server started on port 8080.
2024-05-28 07:29:24 [info]: You are now connected with MongoDB.
2024-05-28 07:29:24 [info]: Express.js server started on port 8080.
2024-05-28 07:29:43 [info]: You are now connected with MongoDB.
2024-05-28 07:29:43 [info]: Express.js server started on port 8080.
2024-05-28 07:29:47 [info]: Login attempt with username: anghel.
2024-05-28 07:29:47 [info]: User anghel authenticated successfully.
2024-05-28 07:29:47 [info]: User authenticated with ID: 6637bc391e9c9a3e5bf9c7e5
2024-05-28 07:29:47 [info]: Shifts retrieved successfully for user ID: 6637bc391e9c9a3e5bf9c7e5
2024-05-28 07:30:41 [info]: User authenticated with ID: 6637bc391e9c9a3e5bf9c7e5
2024-05-28 07:30:41 [info]: Profile picture updated successfully for user ID: 6637bc391e9c9a3e5bf9c7e5
2024-05-28 07:30:45 [info]: User authenticated with ID: 6637bc391e9c9a3e5bf9c7e5
2024-05-28 07:30:45 [info]: Profile picture removed successfully for user ID: 6637bc391e9c9a3e5bf9c7e5
2024-05-28 07:37:35 [info]: You are now connected with MongoDB.
2024-05-28 07:37:35 [info]: Express.js server started on port 8080.
2024-05-28 07:38:07 [info]: You are now connected with MongoDB.
2024-05-28 07:38:07 [info]: Express.js server started on port 8080.
2024-05-28 07:38:36 [info]: You are now connected with MongoDB.
2024-05-28 07:38:36 [info]: Express.js server started on port 8080.
2024-05-28 07:38:56 [info]: You are now connected with MongoDB.
2024-05-28 07:38:56 [info]: Express.js server started on port 8080.
2024-05-28 07:39:03 [info]: You are now connected with MongoDB.
2024-05-28 07:39:03 [info]: Express.js server started on port 8080.
2024-05-28 07:39:53 [info]: You are now connected with MongoDB.
2024-05-28 07:39:53 [info]: Express.js server started on port 8080.
2024-05-28 07:40:33 [info]: You are now connected with MongoDB.
2024-05-28 07:40:33 [info]: Express.js server started on port 8080.
2024-05-28 07:46:49 [info]: Email address already in use during registration check: anghel.ergosum@gmail.com
2024-05-28 07:47:11 [warn]: Registration check attempt with missing mandatory fields.
2024-05-28 07:47:30 [info]: Email address already in use during registration check: anghel.ergosum@gmail.com
2024-05-28 07:47:58 [info]: You are now connected with MongoDB.
2024-05-28 07:47:58 [info]: Express.js server started on port 8080.
2024-05-28 07:48:02 [info]: Email address already in use during registration check: anghel.ergosum@gmail.com
2024-05-28 07:49:26 [warn]: Registration check attempt with missing mandatory fields.
2024-05-28 07:49:35 [warn]: Registration check attempt with missing mandatory fields.
2024-05-28 07:49:36 [warn]: Registration check attempt with missing mandatory fields.
2024-05-28 07:49:37 [warn]: Registration check attempt with missing mandatory fields.
2024-05-28 07:49:43 [info]: Email address already in use during registration check: anghel.ergosum@gmail.com
2024-05-28 07:50:23 [info]: Login attempt with email: anghel.ergosum@gmail.com.
2024-05-28 07:50:23 [info]: User anghel authenticated successfully.
2024-05-28 07:56:01 [info]: Password reset link sent to anghel.ergosum@gmail.com
2024-05-28 07:56:52 [info]: Email address already in use during registration check: anghel.ergosum@gmail.com
2024-05-28 07:57:33 [info]: Admin access granted to user ID: 6637bc391e9c9a3e5bf9c7e5
2024-05-28 07:57:38 [info]: Admin access granted to user ID: 6637bc391e9c9a3e5bf9c7e5
2024-05-28 07:57:38 [info]: All shifts fetched successfully.
2024-05-28 08:01:23 [info]: New user registered: anghel22
2024-05-28 08:01:39 [info]: Email address already in use during registration: anghel.ergosum@gmail.com
2024-05-28 08:02:31 [warn]: Password reset request for non-existing email: undefined
2024-05-28 08:05:27 [info]: You are now connected with MongoDB.
2024-05-28 08:05:27 [info]: Express.js server started on port 8080.
2024-05-28 08:06:49 [info]: You are now connected with MongoDB.
2024-05-28 08:06:49 [info]: Express.js server started on port 8080.
2024-05-28 08:06:56 [warn]: Password reset request without valid email
2024-05-28 08:07:21 [warn]: Login attempt with missing mandatory fields.
2024-05-28 08:07:33 [warn]: Registration attempt with missing mandatory fields.
2024-05-28 08:07:40 [info]: Admin access granted to user ID: 6637bc391e9c9a3e5bf9c7e5
2024-05-28 08:07:40 [info]: All shifts fetched successfully.
2024-05-28 08:09:35 [info]: Admin access granted to user ID: 6637bc391e9c9a3e5bf9c7e5
2024-05-28 08:09:46 [info]: Admin access granted to user ID: 6637bc391e9c9a3e5bf9c7e5
2024-05-28 08:09:46 [info]: All shifts deleted successfully for user ID: 6637bc391e9c9a3e5bf9c7e5
2024-05-28 08:10:26 [info]: You are now connected with MongoDB.
2024-05-28 08:10:26 [info]: Express.js server started on port 8080.
2024-05-28 08:10:30 [info]: Admin access granted to user ID: 6637bc391e9c9a3e5bf9c7e5
2024-05-28 08:10:30 [info]: All shifts deleted successfully for user ID: 6637bc391e9c9a3e5bf9c7e5
2024-05-28 08:10:39 [info]: You are now connected with MongoDB.
2024-05-28 08:10:39 [info]: Express.js server started on port 8080.
2024-05-28 08:10:57 [info]: Admin access granted to user ID: 6637bc391e9c9a3e5bf9c7e5
2024-05-28 08:11:04 [info]: Admin access granted to user ID: 6637bc391e9c9a3e5bf9c7e5
2024-05-28 08:11:07 [info]: Admin access granted to user ID: 6637bc391e9c9a3e5bf9c7e5
2024-05-28 08:11:07 [info]: All shifts deleted successfully for user ID: 6637bc391e9c9a3e5bf9c7e5
2024-05-28 08:11:35 [info]: User authenticated with ID: 6637bc391e9c9a3e5bf9c7e5
2024-05-28 08:11:35 [warn]: Invalid start time or end time provided.
2024-05-28 08:12:51 [info]: User authenticated with ID: 6637bc391e9c9a3e5bf9c7e5
2024-05-28 08:12:51 [warn]: Invalid workplace provided.
2024-05-28 08:13:21 [info]: User authenticated with ID: 6637bc391e9c9a3e5bf9c7e5
2024-05-28 08:13:21 [info]: Shift added successfully for user ID: 6637bc391e9c9a3e5bf9c7e5
2024-05-28 08:15:38 [info]: User authenticated with ID: 6637bc391e9c9a3e5bf9c7e5
2024-05-28 08:15:38 [info]: Shifts retrieved successfully for user ID: 6637bc391e9c9a3e5bf9c7e5
2024-05-28 08:16:59 [info]: User authenticated with ID: 6637bc391e9c9a3e5bf9c7e5
2024-05-28 08:17:00 [info]: Shift updated successfully for shift ID: 665567f10c4c931d4deecea2
2024-05-28 08:18:15 [info]: User authenticated with ID: 6637bc391e9c9a3e5bf9c7e5
2024-05-28 08:18:15 [info]: Shift deleted successfully for shift ID: 665567f10c4c931d4deecea2
2024-05-28 08:19:17 [info]: Admin access granted to user ID: 6637bc391e9c9a3e5bf9c7e5
2024-05-28 08:19:17 [info]: All shifts deleted successfully for user ID: 6637bc391e9c9a3e5bf9c7e5
2024-05-28 08:19:20 [info]: Admin access granted to user ID: 6637bc391e9c9a3e5bf9c7e5
2024-05-28 08:19:20 [info]: All shifts fetched successfully.
2024-05-28 08:23:39 [info]: User authenticated with ID: 6637bc391e9c9a3e5bf9c7e5
2024-05-28 08:23:39 [warn]: Invalid email format provided.
2024-05-28 08:23:53 [info]: User authenticated with ID: 6637bc391e9c9a3e5bf9c7e5
2024-05-28 08:23:53 [warn]: Email address already in use: anghel.ergosum@gmail.com
2024-05-28 08:24:12 [info]: User authenticated with ID: 6637bc391e9c9a3e5bf9c7e5
2024-05-28 08:24:12 [info]: Email address updated successfully for user ID: 6637bc391e9c9a3e5bf9c7e5
2024-05-28 08:25:18 [info]: User data retrieved successfully for user ID: 6637bc391e9c9a3e5bf9c7e5
2024-05-28 08:28:55 [info]: User authenticated with ID: 6637bc391e9c9a3e5bf9c7e5
2024-05-28 08:28:56 [info]: Profile updated successfully for user ID: 6637bc391e9c9a3e5bf9c7e5
2024-05-28 08:29:30 [info]: User authenticated with ID: 6637bc391e9c9a3e5bf9c7e5
2024-05-28 08:29:31 [warn]: Username already in use: anghel22
2024-05-28 08:29:35 [info]: User authenticated with ID: 6637bc391e9c9a3e5bf9c7e5
2024-05-28 08:29:35 [info]: Profile updated successfully for user ID: 6637bc391e9c9a3e5bf9c7e5
2024-05-28 08:29:43 [info]: User authenticated with ID: 6637bc391e9c9a3e5bf9c7e5
2024-05-28 08:29:43 [info]: Profile updated successfully for user ID: 6637bc391e9c9a3e5bf9c7e5
2024-05-28 08:29:45 [info]: User authenticated with ID: 6637bc391e9c9a3e5bf9c7e5
2024-05-28 08:29:45 [info]: Profile updated successfully for user ID: 6637bc391e9c9a3e5bf9c7e5
2024-05-28 08:30:21 [info]: User data retrieved successfully for user ID: 6637bc391e9c9a3e5bf9c7e5
2024-05-28 08:31:19 [info]: You are now connected with MongoDB.
2024-05-28 08:31:19 [info]: Express.js server started on port 8080.
2024-05-28 08:31:29 [info]: You are now connected with MongoDB.
2024-05-28 08:31:29 [info]: Express.js server started on port 8080.
2024-05-28 08:32:13 [info]: You are now connected with MongoDB.
2024-05-28 08:32:13 [info]: Express.js server started on port 8080.
2024-05-28 08:32:26 [info]: User authenticated with ID: 6637bc391e9c9a3e5bf9c7e5
2024-05-28 08:32:26 [warn]: Registration check attempt with missing mandatory fields.
2024-05-28 08:32:31 [info]: User authenticated with ID: 6637bc391e9c9a3e5bf9c7e5
2024-05-28 08:33:17 [info]: You are now connected with MongoDB.
2024-05-28 08:33:17 [info]: Express.js server started on port 8080.
2024-05-28 08:33:25 [info]: You are now connected with MongoDB.
2024-05-28 08:33:25 [info]: Express.js server started on port 8080.
2024-05-28 08:33:33 [info]: User authenticated with ID: 6637bc391e9c9a3e5bf9c7e5
2024-05-28 08:33:33 [warn]: First name or last name too short during registration.
2024-05-28 08:33:38 [info]: User authenticated with ID: 6637bc391e9c9a3e5bf9c7e5
2024-05-28 08:33:38 [info]: Profile updated successfully for user ID: 6637bc391e9c9a3e5bf9c7e5
2024-05-28 08:34:50 [info]: User authenticated with ID: 6637bc391e9c9a3e5bf9c7e5
2024-05-28 08:34:50 [warn]: Username already in use: anghel22
2024-05-28 08:34:53 [info]: User authenticated with ID: 6637bc391e9c9a3e5bf9c7e5
2024-05-28 08:34:53 [info]: Profile updated successfully for user ID: 6637bc391e9c9a3e5bf9c7e5
2024-05-28 08:35:02 [info]: User authenticated with ID: 6637bc391e9c9a3e5bf9c7e5
2024-05-28 08:35:02 [info]: Profile updated successfully for user ID: 6637bc391e9c9a3e5bf9c7e5
2024-05-28 08:35:03 [info]: User authenticated with ID: 6637bc391e9c9a3e5bf9c7e5
2024-05-28 08:35:03 [info]: Profile updated successfully for user ID: 6637bc391e9c9a3e5bf9c7e5
2024-05-28 08:35:16 [info]: User authenticated with ID: 6637bc391e9c9a3e5bf9c7e5
2024-05-28 08:35:17 [info]: Profile updated successfully for user ID: 6637bc391e9c9a3e5bf9c7e5
2024-05-28 08:35:18 [info]: User authenticated with ID: 6637bc391e9c9a3e5bf9c7e5
2024-05-28 08:35:18 [info]: Profile updated successfully for user ID: 6637bc391e9c9a3e5bf9c7e5
2024-05-28 08:38:48 [info]: New user registered: anghel
2024-05-28 08:39:45 [info]: Login attempt with email: anghel.ergosum@gmail.com.
2024-05-28 08:39:45 [info]: User anghel authenticated successfully.
2024-05-28 08:40:23 [info]: User authenticated with ID: 66556de881da9b77766ab99a
2024-05-28 08:40:23 [warn]: Invalid password format provided.
2024-05-28 08:40:28 [info]: User authenticated with ID: 66556de881da9b77766ab99a
2024-05-28 08:40:28 [info]: Password updated successfully for user ID: 66556de881da9b77766ab99a
2024-05-28 08:40:33 [info]: User data retrieved successfully for user ID: 6637bc391e9c9a3e5bf9c7e5
2024-05-28 08:40:33 [error]: Unauthorized access attempt detected. Cannot read properties of null (reading '_id')
2024-05-28 08:40:43 [info]: User authenticated with ID: 66556de881da9b77766ab99a
2024-05-28 08:40:43 [info]: Password updated successfully for user ID: 66556de881da9b77766ab99a
2024-05-28 08:41:09 [info]: User data retrieved successfully for user ID: 6637bc391e9c9a3e5bf9c7e5
2024-05-28 08:41:09 [error]: Unauthorized access attempt detected. Cannot read properties of null (reading '_id')
2024-05-28 08:41:15 [info]: Login attempt with username: anghel.
2024-05-28 08:41:15 [warn]: Failed login attempt for user anghel: Incorrect password.
2024-05-28 08:41:27 [info]: Login attempt with username: anghel.
2024-05-28 08:41:27 [info]: User anghel authenticated successfully.
2024-05-28 08:41:27 [info]: User authenticated with ID: 66556de881da9b77766ab99a
2024-05-28 08:41:27 [info]: Shifts retrieved successfully for user ID: 66556de881da9b77766ab99a
2024-05-28 08:45:04 [info]: User logged out successfully. LOGIN_INFO cookie cleared.
2024-05-28 08:45:13 [warn]: Authentication token is missing.
2024-05-28 08:45:15 [warn]: Authentication token is missing.
2024-05-28 08:45:20 [info]: Login attempt with email: anghel.ergosum@gmail.com.
2024-05-28 08:45:20 [warn]: Failed login attempt for user anghel.ergosum@gmail.com: Incorrect password.
2024-05-28 08:45:29 [info]: Login attempt with email: anghel.ergosum@gmail.com.
2024-05-28 08:45:29 [info]: User anghel authenticated successfully.
2024-05-28 08:46:23 [info]: You are now connected with MongoDB.
2024-05-28 08:46:23 [info]: Express.js server started on port 8080.
2024-05-28 08:46:26 [info]: User anghel authenticated successfully.
2024-05-28 08:46:29 [warn]: Failed login attempt for user anghel.ergosum@gmail.com: Incorrect password.
2024-05-28 08:46:35 [info]: User anghel authenticated successfully.
2024-05-28 08:48:19 [info]: User data retrieved successfully for user ID: 66556de881da9b77766ab99a
2024-05-28 08:50:11 [info]: Admin access granted to user ID: 66556de881da9b77766ab99a
2024-05-28 08:50:11 [info]: Profile data fetched successfully for user ID: 66556de881da9b77766ab99a
2024-05-28 08:51:01 [info]: Admin access granted to user ID: 66556de881da9b77766ab99a
2024-05-28 08:51:01 [info]: Profile updated successfully by admin for user ID: 66556de881da9b77766ab99a
2024-05-28 08:57:28 [info]: Admin access granted to user ID: 66556de881da9b77766ab99a
2024-05-28 08:57:28 [info]: All shifts fetched successfully.
2024-05-28 08:57:33 [info]: User authenticated with ID: 66556de881da9b77766ab99a
2024-05-28 08:57:33 [info]: Shift added successfully for user ID: 66556de881da9b77766ab99a
2024-05-28 08:58:07 [info]: Admin access granted to user ID: 66556de881da9b77766ab99a
2024-05-28 08:58:17 [info]: Admin access granted to user ID: 66556de881da9b77766ab99a
2024-05-28 08:58:20 [info]: Admin access granted to user ID: 66556de881da9b77766ab99a
2024-05-28 08:58:20 [info]: Shift updated successfully by admin for shift ID: 6655724d2aed14efe74706b8
2024-05-28 09:01:25 [info]: Admin access granted to user ID: 66556de881da9b77766ab99a
2024-05-28 09:01:29 [info]: Admin access granted to user ID: 66556de881da9b77766ab99a
2024-05-28 09:01:29 [info]: Shift deleted successfully by admin for shift ID: 6655724d2aed14efe74706b8
2024-05-28 09:02:24 [info]: Admin access granted to user ID: 66556de881da9b77766ab99a
2024-05-28 09:02:24 [info]: All users fetched successfully.
2024-05-28 09:02:58 [info]: You are now connected with MongoDB.
2024-05-28 09:02:58 [info]: Express.js server started on port 8080.
2024-05-28 09:09:15 [info]: User authenticated with ID: 66556de881da9b77766ab99a
2024-05-28 09:09:15 [info]: Shifts retrieved successfully for user ID: 66556de881da9b77766ab99a
2024-05-28 09:09:17 [info]: User authenticated with ID: 66556de881da9b77766ab99a
2024-05-28 09:09:17 [info]: Shifts retrieved successfully for user ID: 66556de881da9b77766ab99a
2024-05-28 09:09:22 [info]: User data retrieved successfully for user ID: 66556de881da9b77766ab99a
2024-05-28 09:09:22 [error]: Unauthorized access attempt detected. Cannot read properties of null (reading '_id')
2024-05-28 09:09:32 [warn]: Login attempt with non-existing username: anghel
2024-05-28 09:10:09 [info]: Username and email address available during registration check.
2024-05-28 09:10:56 [info]: New user registered: anghel
2024-05-28 09:11:12 [warn]: Failed login attempt for user anghel: Incorrect password.
2024-05-28 09:11:20 [warn]: Login attempt with non-existing username: anghel.ergosum@gmail.com
2024-05-28 09:11:24 [warn]: Failed login attempt for user anghel.ergosum@gmail.com: Incorrect password.
2024-05-28 09:11:29 [info]: User anghel authenticated successfully.
2024-05-28 09:11:29 [info]: User authenticated with ID: 665575701aeae4448d206f41
2024-05-28 09:11:29 [info]: Shifts retrieved successfully for user ID: 665575701aeae4448d206f41
2024-05-28 09:11:54 [info]: User authenticated with ID: 665575701aeae4448d206f41
2024-05-28 09:11:54 [info]: Shift added successfully for user ID: 665575701aeae4448d206f41
2024-05-28 09:12:33 [info]: User authenticated with ID: 665575701aeae4448d206f41
2024-05-28 09:12:33 [info]: Shift updated successfully for shift ID: 665575aa1aeae4448d206f48
2024-05-28 09:12:41 [info]: User authenticated with ID: 665575701aeae4448d206f41
2024-05-28 09:12:41 [info]: Shift deleted successfully for shift ID: 665575aa1aeae4448d206f48
2024-05-28 09:12:57 [info]: User authenticated with ID: 665575701aeae4448d206f41
2024-05-28 09:12:58 [info]: Profile updated successfully for user ID: 665575701aeae4448d206f41
2024-05-28 09:13:59 [info]: User data retrieved successfully for user ID: 665575701aeae4448d206f41
2024-05-28 09:14:06 [info]: User data retrieved successfully for user ID: 665575701aeae4448d206f41
2024-05-28 09:14:10 [info]: User data retrieved successfully for user ID: 665575701aeae4448d206f41
2024-05-28 09:14:15 [info]: User data retrieved successfully for user ID: 665575701aeae4448d206f41
2024-05-28 09:14:16 [info]: User data retrieved successfully for user ID: 665575701aeae4448d206f41
2024-05-28 09:14:23 [info]: User authenticated with ID: 665575701aeae4448d206f41
2024-05-28 09:14:23 [info]: Profile updated successfully for user ID: 665575701aeae4448d206f41
2024-05-28 09:14:34 [info]: User authenticated with ID: 665575701aeae4448d206f41
2024-05-28 09:14:34 [info]: Profile updated successfully for user ID: 665575701aeae4448d206f41
2024-05-28 09:14:34 [info]: User authenticated with ID: 665575701aeae4448d206f41
2024-05-28 09:14:34 [info]: Profile updated successfully for user ID: 665575701aeae4448d206f41
2024-05-28 09:14:35 [info]: User authenticated with ID: 665575701aeae4448d206f41
2024-05-28 09:14:35 [warn]: File not found: /Users/anghelgabriel/Desktop/dev/Fullstack-ShiftEase/server/pictures/765-default-avatar.png
2024-05-28 09:14:36 [info]: User authenticated with ID: 665575701aeae4448d206f41
2024-05-28 09:14:36 [warn]: File not found: /Users/anghelgabriel/Desktop/dev/Fullstack-ShiftEase/server/pictures/765-default-avatar.png
2024-05-28 09:14:38 [info]: User data retrieved successfully for user ID: 665575701aeae4448d206f41
2024-05-28 09:14:40 [info]: User data retrieved successfully for user ID: 665575701aeae4448d206f41
2024-05-28 09:14:45 [info]: User authenticated with ID: 665575701aeae4448d206f41
2024-05-28 09:14:45 [info]: Shifts retrieved successfully for user ID: 665575701aeae4448d206f41
2024-05-28 09:14:48 [info]: User data retrieved successfully for user ID: 665575701aeae4448d206f41
2024-05-28 09:15:00 [info]: User authenticated with ID: 665575701aeae4448d206f41
2024-05-28 09:15:00 [info]: Shifts retrieved successfully for user ID: 665575701aeae4448d206f41
2024-05-28 09:15:52 [info]: User data retrieved successfully for user ID: 665575701aeae4448d206f41
2024-05-28 09:16:01 [info]: User data retrieved successfully for user ID: 665575701aeae4448d206f41
2024-05-28 09:16:05 [info]: User authenticated with ID: 665575701aeae4448d206f41
2024-05-28 09:16:05 [info]: Profile picture updated successfully for user ID: 665575701aeae4448d206f41
2024-05-28 09:16:13 [info]: User authenticated with ID: 665575701aeae4448d206f41
2024-05-28 09:16:13 [info]: Profile picture removed successfully for user ID: 665575701aeae4448d206f41
2024-05-28 09:16:14 [info]: User data retrieved successfully for user ID: 665575701aeae4448d206f41
2024-05-28 09:16:15 [info]: User data retrieved successfully for user ID: 665575701aeae4448d206f41
2024-05-28 09:16:17 [info]: User authenticated with ID: 665575701aeae4448d206f41
2024-05-28 09:16:17 [info]: Profile updated successfully for user ID: 665575701aeae4448d206f41
2024-05-28 09:16:18 [info]: User authenticated with ID: 665575701aeae4448d206f41
2024-05-28 09:16:18 [info]: Shifts retrieved successfully for user ID: 665575701aeae4448d206f41
2024-05-28 09:16:19 [info]: User authenticated with ID: 665575701aeae4448d206f41
2024-05-28 09:16:19 [info]: User data retrieved successfully for user ID: 665575701aeae4448d206f41
2024-05-28 09:16:19 [info]: Shifts retrieved successfully for user ID: 665575701aeae4448d206f41
2024-05-28 09:16:23 [info]: User logged out successfully. LOGIN_INFO cookie cleared.
2024-05-28 09:16:30 [info]: User anghel authenticated successfully.
2024-05-28 09:16:30 [info]: User authenticated with ID: 665575701aeae4448d206f41
2024-05-28 09:16:30 [info]: Shifts retrieved successfully for user ID: 665575701aeae4448d206f41
2024-05-28 09:16:36 [info]: User authenticated with ID: 665575701aeae4448d206f41
2024-05-28 09:16:36 [info]: Profile picture updated successfully for user ID: 665575701aeae4448d206f41
2024-05-28 09:16:37 [info]: User authenticated with ID: 665575701aeae4448d206f41
2024-05-28 09:16:37 [info]: Profile picture removed successfully for user ID: 665575701aeae4448d206f41
2024-05-28 09:16:38 [info]: User data retrieved successfully for user ID: 665575701aeae4448d206f41
2024-05-28 09:19:16 [info]: You are now connected with MongoDB.
2024-05-28 09:19:16 [info]: Express.js server started on port 8080.
2024-05-28 09:19:22 [info]: You are now connected with MongoDB.
2024-05-28 09:19:22 [info]: Express.js server started on port 8080.
2024-05-28 09:19:46 [info]: You are now connected with MongoDB.
2024-05-28 09:19:46 [info]: Express.js server started on port 8080.
2024-05-28 09:19:55 [info]: You are now connected with MongoDB.
2024-05-28 09:19:55 [info]: Express.js server started on port 8080.
2024-05-28 09:20:07 [info]: You are now connected with MongoDB.
2024-05-28 09:20:07 [info]: Express.js server started on port 8080.
2024-05-28 09:20:15 [info]: You are now connected with MongoDB.
2024-05-28 09:20:15 [info]: Express.js server started on port 8080.
2024-05-28 09:21:11 [info]: User data retrieved successfully for user ID: 665575701aeae4448d206f41
2024-05-28 09:21:20 [info]: User authenticated with ID: 665575701aeae4448d206f41
2024-05-28 09:21:21 [info]: Password updated successfully for user ID: 665575701aeae4448d206f41
2024-05-28 09:21:58 [info]: User data retrieved successfully for user ID: 665575701aeae4448d206f41
2024-05-28 09:24:28 [info]: Admin access granted to user ID: 66556de881da9b77766ab99a
2024-05-28 09:24:28 [info]: All users fetched successfully.
2024-05-28 09:25:04 [info]: User authenticated with ID: 665575701aeae4448d206f41
2024-05-28 09:25:04 [warn]: Email address already in use: anghel.ergosum@gmail.com
2024-05-28 09:25:34 [info]: User data retrieved successfully for user ID: 665575701aeae4448d206f41
2024-05-28 09:25:51 [info]: User authenticated with ID: 665575701aeae4448d206f41
2024-05-28 09:25:51 [warn]: Email address already in use: anghel.ergosum@gmail.com
2024-05-28 09:27:21 [info]: User data retrieved successfully for user ID: 665575701aeae4448d206f41
2024-05-28 09:27:44 [info]: User authenticated with ID: 665575701aeae4448d206f41
2024-05-28 09:27:44 [warn]: Email address already in use: anghel.ergosum@gmail.com
2024-05-28 09:27:47 [info]: User authenticated with ID: 665575701aeae4448d206f41
2024-05-28 09:28:20 [info]: User data retrieved successfully for user ID: 665575701aeae4448d206f41
2024-05-28 09:28:41 [info]: User authenticated with ID: 665575701aeae4448d206f41
2024-05-28 09:28:41 [warn]: Email address already in use: anghel.ergosum@gmail.com
2024-05-28 09:29:07 [info]: You are now connected with MongoDB.
2024-05-28 09:29:07 [info]: Express.js server started on port 8080.
2024-05-28 09:29:33 [info]: User data retrieved successfully for user ID: 665575701aeae4448d206f41
2024-05-28 09:29:34 [info]: User data retrieved successfully for user ID: 665575701aeae4448d206f41
2024-05-28 09:29:35 [info]: User data retrieved successfully for user ID: 665575701aeae4448d206f41
2024-05-28 09:29:52 [info]: User authenticated with ID: 665575701aeae4448d206f41
2024-05-28 09:29:52 [info]: Email address updated successfully for user ID: 665575701aeae4448d206f41
2024-05-28 09:31:08 [info]: User authenticated with ID: 665575701aeae4448d206f41
2024-05-28 09:31:08 [info]: Shifts retrieved successfully for user ID: 665575701aeae4448d206f41
2024-05-28 09:31:17 [info]: User authenticated with ID: 665575701aeae4448d206f41
2024-05-28 09:31:17 [info]: Shifts retrieved successfully for user ID: 665575701aeae4448d206f41
2024-05-28 09:31:19 [info]: User authenticated with ID: 665575701aeae4448d206f41
2024-05-28 09:31:19 [info]: Shifts retrieved successfully for user ID: 665575701aeae4448d206f41
2024-05-28 09:31:39 [info]: User authenticated with ID: 665575701aeae4448d206f41
2024-05-28 09:31:39 [info]: User data retrieved successfully for user ID: 665575701aeae4448d206f41
2024-05-28 09:31:39 [info]: Shifts retrieved successfully for user ID: 665575701aeae4448d206f41
2024-05-28 09:32:07 [warn]: Username too short during registration.
2024-05-28 09:32:14 [info]: New user registered: testtest
2024-05-28 09:32:18 [warn]: Access forbidden: User ID 665575701aeae4448d206f41 is not an admin.
2024-05-28 09:32:21 [warn]: Access forbidden: User ID 665575701aeae4448d206f41 is not an admin.
2024-05-28 09:32:22 [warn]: Access forbidden: User ID 665575701aeae4448d206f41 is not an admin.
2024-05-28 09:32:22 [info]: User data retrieved successfully for user ID: 665575701aeae4448d206f41
2024-05-28 09:32:22 [warn]: Access forbidden: User ID 665575701aeae4448d206f41 is not an admin.
2024-05-28 09:32:22 [info]: User data retrieved successfully for user ID: 665575701aeae4448d206f41
2024-05-28 09:32:23 [warn]: Access forbidden: User ID 665575701aeae4448d206f41 is not an admin.
2024-05-28 09:32:23 [info]: User data retrieved successfully for user ID: 665575701aeae4448d206f41
2024-05-28 09:32:28 [warn]: Access forbidden: User ID 665575701aeae4448d206f41 is not an admin.
2024-05-28 09:32:28 [info]: User data retrieved successfully for user ID: 665575701aeae4448d206f41
2024-05-28 09:32:35 [warn]: Access forbidden: User ID 665575701aeae4448d206f41 is not an admin.
2024-05-28 09:32:35 [info]: User data retrieved successfully for user ID: 665575701aeae4448d206f41
2024-05-28 09:32:39 [info]: User logged out successfully. LOGIN_INFO cookie cleared.
2024-05-28 09:32:44 [info]: User anghel authenticated successfully.
2024-05-28 09:32:44 [info]: User authenticated with ID: 665575701aeae4448d206f41
2024-05-28 09:32:44 [info]: Shifts retrieved successfully for user ID: 665575701aeae4448d206f41
2024-05-28 09:32:46 [info]: Admin access granted to user ID: 665575701aeae4448d206f41
2024-05-28 09:32:46 [info]: All users fetched successfully.
2024-05-28 09:32:51 [info]: Admin access granted to user ID: 665575701aeae4448d206f41
2024-05-28 09:32:51 [info]: Profile data fetched successfully for user ID: 66557a6e17087693c642faf7
2024-05-28 09:33:06 [info]: Admin access granted to user ID: 665575701aeae4448d206f41
2024-05-28 09:33:06 [info]: Profile updated successfully by admin for user ID: 66557a6e17087693c642faf7
2024-05-28 09:33:10 [info]: Admin access granted to user ID: 665575701aeae4448d206f41
2024-05-28 09:33:10 [info]: Profile picture updated successfully by admin for user ID: 66557a6e17087693c642faf7
2024-05-28 09:33:13 [info]: Admin access granted to user ID: 665575701aeae4448d206f41
2024-05-28 09:33:13 [info]: All users fetched successfully.
2024-05-28 09:33:14 [info]: Admin access granted to user ID: 665575701aeae4448d206f41
2024-05-28 09:33:14 [info]: Profile data fetched successfully for user ID: 66557a6e17087693c642faf7
2024-05-28 09:33:15 [info]: Admin access granted to user ID: 665575701aeae4448d206f41
2024-05-28 09:33:15 [info]: Profile picture removed successfully by admin for user ID: 66557a6e17087693c642faf7
2024-05-28 09:33:17 [info]: Admin access granted to user ID: 665575701aeae4448d206f41
2024-05-28 09:33:17 [info]: All shifts fetched successfully.
2024-05-28 09:33:18 [info]: Admin access granted to user ID: 665575701aeae4448d206f41
2024-05-28 09:33:18 [info]: All users fetched successfully.
2024-05-28 09:33:19 [info]: Admin access granted to user ID: 665575701aeae4448d206f41
2024-05-28 09:33:19 [info]: Profile data fetched successfully for user ID: 66557a6e17087693c642faf7
2024-05-28 09:33:21 [info]: Admin access granted to user ID: 665575701aeae4448d206f41
2024-05-28 09:33:21 [info]: All shifts fetched successfully.
2024-05-28 09:33:23 [info]: Admin access granted to user ID: 665575701aeae4448d206f41
2024-05-28 09:33:23 [info]: All users fetched successfully.
2024-05-28 09:33:24 [info]: Admin access granted to user ID: 665575701aeae4448d206f41
2024-05-28 09:33:24 [info]: All shifts deleted successfully for user ID: 66557a6e17087693c642faf7
2024-05-28 09:33:25 [info]: Admin access granted to user ID: 665575701aeae4448d206f41
2024-05-28 09:33:25 [info]: All shifts deleted successfully for user ID: 66557a6e17087693c642faf7
2024-05-28 09:33:26 [info]: Admin access granted to user ID: 665575701aeae4448d206f41
2024-05-28 09:33:26 [info]: All shifts deleted successfully for user ID: 665575701aeae4448d206f41
2024-05-28 09:33:27 [info]: User authenticated with ID: 665575701aeae4448d206f41
2024-05-28 09:33:27 [info]: Shifts retrieved successfully for user ID: 665575701aeae4448d206f41
2024-05-28 09:33:29 [info]: Admin access granted to user ID: 665575701aeae4448d206f41
2024-05-28 09:33:29 [info]: All users fetched successfully.
2024-05-28 09:33:30 [info]: User authenticated with ID: 665575701aeae4448d206f41
2024-05-28 09:33:30 [info]: Shifts retrieved successfully for user ID: 665575701aeae4448d206f41
2024-05-28 09:33:32 [info]: User authenticated with ID: 665575701aeae4448d206f41
2024-05-28 09:33:32 [info]: Shifts retrieved successfully for user ID: 665575701aeae4448d206f41
2024-05-28 09:33:33 [info]: Admin access granted to user ID: 665575701aeae4448d206f41
2024-05-28 09:33:33 [info]: All users fetched successfully.
2024-05-28 09:33:56 [info]: You are now connected with MongoDB.
2024-05-28 09:33:56 [info]: Express.js server started on port 8080.
2024-05-28 09:35:20 [info]: User logged out successfully. LOGIN_INFO cookie cleared.
2024-05-28 09:35:24 [info]: User testtest authenticated successfully.
2024-05-28 09:35:32 [info]: User authenticated with ID: 66557a6e17087693c642faf7
2024-05-28 09:35:32 [info]: Shift added successfully for user ID: 66557a6e17087693c642faf7
2024-05-28 09:35:34 [info]: User authenticated with ID: 665575701aeae4448d206f41
2024-05-28 09:35:34 [info]: Shifts retrieved successfully for user ID: 665575701aeae4448d206f41
2024-05-28 09:35:36 [info]: Admin access granted to user ID: 665575701aeae4448d206f41
2024-05-28 09:35:36 [info]: All shifts fetched successfully.
2024-05-28 09:35:48 [info]: Admin access granted to user ID: 665575701aeae4448d206f41
2024-05-28 09:35:48 [info]: Shift updated successfully by admin for shift ID: 66557b3482504281df49f20e
2024-05-28 09:35:54 [info]: Admin access granted to user ID: 665575701aeae4448d206f41
2024-05-28 09:35:54 [info]: All users fetched successfully.
2024-05-28 09:35:56 [info]: Admin access granted to user ID: 665575701aeae4448d206f41
2024-05-28 09:35:56 [info]: All shifts deleted successfully for user ID: 66557a6e17087693c642faf7
2024-05-28 09:35:57 [info]: Admin access granted to user ID: 665575701aeae4448d206f41
2024-05-28 09:35:57 [info]: All shifts fetched successfully.
2024-05-28 09:36:00 [info]: User authenticated with ID: 66557a6e17087693c642faf7
2024-05-28 09:36:00 [info]: Shift added successfully for user ID: 66557a6e17087693c642faf7
2024-05-28 09:36:02 [info]: Admin access granted to user ID: 665575701aeae4448d206f41
2024-05-28 09:36:02 [info]: All users fetched successfully.
2024-05-28 09:36:04 [info]: Admin access granted to user ID: 665575701aeae4448d206f41
2024-05-28 09:36:04 [info]: All shifts deleted successfully for user ID: 66557a6e17087693c642faf7
2024-05-28 09:36:06 [info]: Admin access granted to user ID: 665575701aeae4448d206f41
2024-05-28 09:36:06 [info]: All shifts fetched successfully.
2024-05-28 09:36:08 [info]: User authenticated with ID: 66557a6e17087693c642faf7
2024-05-28 09:36:08 [info]: Shift added successfully for user ID: 66557a6e17087693c642faf7
2024-05-28 09:36:10 [info]: Admin access granted to user ID: 665575701aeae4448d206f41
2024-05-28 09:36:10 [info]: All users fetched successfully.
2024-05-28 09:36:12 [info]: Admin access granted to user ID: 665575701aeae4448d206f41
2024-05-28 09:36:12 [info]: All shifts fetched successfully.
2024-05-28 09:36:13 [info]: Admin access granted to user ID: 665575701aeae4448d206f41
2024-05-28 09:36:13 [info]: Shift deleted successfully by admin for shift ID: 66557b5882504281df49f220
2024-05-28 09:36:15 [info]: User authenticated with ID: 665575701aeae4448d206f41
2024-05-28 09:36:15 [info]: Shifts retrieved successfully for user ID: 665575701aeae4448d206f41
2024-05-28 09:39:09 [info]: You are now connected with MongoDB.
2024-05-28 09:39:09 [info]: Express.js server started on port 8080.
2024-05-28 09:39:49 [warn]: Access forbidden: User ID 66557a6e17087693c642faf7 is not an admin.
2024-05-28 09:40:00 [info]: User logged out successfully. LOGIN_INFO cookie cleared.
2024-05-28 09:40:08 [info]: User anghel authenticated successfully.
2024-05-28 09:40:26 [info]: Admin access granted to user ID: 665575701aeae4448d206f41
2024-05-28 09:40:26 [warn]: Registration check attempt with missing mandatory fields.
2024-05-28 09:40:33 [info]: Admin access granted to user ID: 665575701aeae4448d206f41
2024-05-28 09:40:33 [warn]: Invalid username format during registration check.
2024-05-28 09:40:38 [info]: Admin access granted to user ID: 665575701aeae4448d206f41
2024-05-28 09:40:38 [info]: Profile updated successfully by admin for user ID: 66557a6e17087693c642faf7
2024-05-28 09:41:59 [info]: User authenticated with ID: 665575701aeae4448d206f41
2024-05-28 09:41:59 [info]: Shifts retrieved successfully for user ID: 665575701aeae4448d206f41
2024-05-28 09:42:01 [info]: Admin access granted to user ID: 665575701aeae4448d206f41
2024-05-28 09:42:01 [info]: All users fetched successfully.
2024-05-28 09:42:02 [info]: Admin access granted to user ID: 665575701aeae4448d206f41
2024-05-28 09:42:02 [info]: All shifts fetched successfully.
2024-05-28 09:42:04 [info]: User authenticated with ID: 665575701aeae4448d206f41
2024-05-28 09:42:04 [info]: Shifts retrieved successfully for user ID: 665575701aeae4448d206f41
2024-05-28 09:42:05 [info]: Admin access granted to user ID: 665575701aeae4448d206f41
2024-05-28 09:42:05 [info]: All users fetched successfully.
2024-05-28 09:42:06 [info]: Admin access granted to user ID: 665575701aeae4448d206f41
2024-05-28 09:42:06 [info]: All shifts fetched successfully.
2024-05-28 09:42:07 [info]: Admin access granted to user ID: 665575701aeae4448d206f41
2024-05-28 09:42:07 [info]: All users fetched successfully.
2024-05-28 09:42:08 [info]: User authenticated with ID: 665575701aeae4448d206f41
2024-05-28 09:42:08 [info]: Shifts retrieved successfully for user ID: 665575701aeae4448d206f41
2024-05-28 09:42:14 [info]: User authenticated with ID: 665575701aeae4448d206f41
2024-05-28 09:42:14 [info]: Shifts retrieved successfully for user ID: 665575701aeae4448d206f41
